<?xml version="1.0" encoding="UTF-8"?>
<testsuite name="edu.dat076.yep.controllers.UserControllerTest" time="0.399" tests="3" errors="0" skipped="0" failures="1">
  <properties>
[...]
</properties>
  <testcase name="testFindAllUsers" classname="edu.dat076.yep.controllers.UserControllerTest" time="0.258"/>
  <testcase name="testFindUserByID" classname="edu.dat076.yep.controllers.UserControllerTest" time="0.14">
    <failure message="failure - expected to find a user" type="java.lang.AssertionError">java.lang.AssertionError: failure - expected to find a user
	at org.junit.Assert.fail(Assert.java:88)
	at org.junit.Assert.assertTrue(Assert.java:41)
	at org.junit.Assert.assertNotNull(Assert.java:712)
	at edu.dat076.yep.controllers.UserControllerTest.testFindUserByID(UserControllerTest.java:53)
</failure>
    <system-out><![CDATA[2016-03-07 11:19:45.409  INFO 9529 --- [           main] o.s.t.c.transaction.TransactionContext   : Began transaction (1) for test context [DefaultTestContext@2641e737 testClass = UserControllerTest, testInstance = edu.dat076.yep.controllers.UserControllerTest@477021ee, testMethod = testFindUserByID@UserControllerTest, testException = [null], mergedContextConfiguration = [MergedContextConfiguration@727803de testClass = UserControllerTest, locations = '{}', classes = '{class edu.dat076.yep.YepServer}', contextInitializerClasses = '[]', activeProfiles = '{}', propertySourceLocations = '{}', propertySourceProperties = '{}', contextLoader = 'org.springframework.boot.test.SpringApplicationContextLoader', parent = [null]]]; transaction manager [org.springframework.orm.jpa.JpaTransactionManager@623e0631]; rollback [true]
2016-03-07 11:19:45.483  INFO 9529 --- [           main] o.s.t.c.transaction.TransactionContext   : Rolled back transaction for test context [DefaultTestContext@2641e737 testClass = UserControllerTest, testInstance = edu.dat076.yep.controllers.UserControllerTest@477021ee, testMethod = testFindUserByID@UserControllerTest, testException = java.lang.AssertionError: failure - expected to find a user, mergedContextConfiguration = [MergedContextConfiguration@727803de testClass = UserControllerTest, locations = '{}', classes = '{class edu.dat076.yep.YepServer}', contextInitializerClasses = '[]', activeProfiles = '{}', propertySourceLocations = '{}', propertySourceProperties = '{}', contextLoader = 'org.springframework.boot.test.SpringApplicationContextLoader', parent = [null]]].
]]></system-out>
  </testcase>
  <testcase name="contextLoads" classname="edu.dat076.yep.controllers.UserControllerTest" time="0.001"/>
</testsuite>